<?xml version="1.0" encoding="UTF-8" ?>
<testsuite errors="1" failures="0" hostname="calis-PC" name="com.cnebula.analytics.analyzeserver.TestAbstractReportPipLine" tests="0" time="0.273" timestamp="2013-03-20T09:55:30">
  <properties>
[...]
</properties>
  <testcase classname="junit.framework.TestSuite" name="com.cnebula.analytics.analyzeserver.TestAbstractReportPipLine" time="0.0010">
    <error message="Invalid byte 2 of 2-byte UTF-8 sequence." type="com.cnebula.common.xml.XMLParseException">com.cnebula.common.xml.XMLParseException: Invalid byte 2 of 2-byte UTF-8 sequence.
	at com.cnebula.common.xml.impl.EasyObjectXMLTransformerImpl.parse(EasyObjectXMLTransformerImpl.java:158)
	at com.cnebula.common.xml.impl.EasyObjectXMLTransformerImpl.parse(EasyObjectXMLTransformerImpl.java:166)
	at com.cnebula.common.xml.impl.EasyObjectXMLTransformerImpl.parse(EasyObjectXMLTransformerImpl.java:193)
	at com.cnebula.analytics.analyzeserver.TestAbstractReportPipLine.beforeClass(TestAbstractReportPipLine.java:93)
Caused by: org.apache.xerces.impl.io.MalformedByteSequenceException: Invalid byte 2 of 2-byte UTF-8 sequence.
	at org.apache.xerces.util.ErrorHandlerWrapper.createSAXParseException(Unknown Source)
	at org.apache.xerces.util.ErrorHandlerWrapper.fatalError(Unknown Source)
	at org.apache.xerces.impl.XMLErrorReporter.reportError(Unknown Source)
	at org.apache.xerces.impl.XMLErrorReporter.reportError(Unknown Source)
	at org.apache.xerces.impl.XMLDocumentFragmentScannerImpl$FragmentContentDispatcher.dispatch(Unknown Source)
	at org.apache.xerces.impl.XMLDocumentFragmentScannerImpl.scanDocument(Unknown Source)
	at org.apache.xerces.parsers.XML11Configuration.parse(Unknown Source)
	at org.apache.xerces.parsers.XML11Configuration.parse(Unknown Source)
	at org.apache.xerces.parsers.XMLParser.parse(Unknown Source)
	at org.apache.xerces.parsers.AbstractSAXParser.parse(Unknown Source)
	at org.apache.xerces.jaxp.SAXParserImpl$JAXPSAXParser.parse(Unknown Source)
	at org.apache.xerces.jaxp.SAXParserImpl.parse(Unknown Source)
	at javax.xml.parsers.SAXParser.parse(SAXParser.java:198)
	at com.cnebula.common.xml.impl.EasyObjectXMLTransformerImpl.parse(EasyObjectXMLTransformerImpl.java:144)
Caused by: org.apache.xerces.impl.io.MalformedByteSequenceException: Invalid byte 2 of 2-byte UTF-8 sequence.
	at org.apache.xerces.impl.io.UTF8Reader.invalidByte(Unknown Source)
	at org.apache.xerces.impl.io.UTF8Reader.read(Unknown Source)
	at org.apache.xerces.impl.XMLEntityScanner.load(Unknown Source)
	at org.apache.xerces.impl.XMLEntityScanner.scanLiteral(Unknown Source)
	at org.apache.xerces.impl.XMLScanner.scanAttributeValue(Unknown Source)
	at org.apache.xerces.impl.XMLNSDocumentScannerImpl.scanAttribute(Unknown Source)
	at org.apache.xerces.impl.XMLNSDocumentScannerImpl.scanStartElement(Unknown Source)
</error>
  </testcase>
  <system-out><![CDATA[2013-03-20 17:55:30[INFO]:[com.cnebula.osgi.es.util.EasyServiceManagerImp.<clinit>]:there's no system bundle maybe we're in mock model
]]></system-out>
  <system-err><![CDATA[]]></system-err>
</testsuite>
