<?xml version="1.0" encoding="UTF-8" ?>
<testsuite errors="0" failures="0" hostname="calis-PC" name="com.cnebula.analytics.common.TestAcceptLangParser" tests="2" time="0.215" timestamp="2013-03-20T09:55:43">
  <properties>
[...]
</properties>
  <testcase classname="com.cnebula.analytics.common.TestAcceptLangParser" name="testParser" time="0.013" />
  <testcase classname="com.cnebula.analytics.common.TestAcceptLangParser" name="testListLocale" time="0.016" />
  <system-out><![CDATA[ja-JP,ja;q=0.8
es-PE,es;q=0.8
en-,en;q=0.8
ja-JP,ja;q=0.8
es-PA,es;q=0.8
sr-BA,sr;q=0.8
mk-,mk;q=0.8
es-GT,es;q=0.8
ar-AE,ar;q=0.8
no-NO,no;q=0.8
sq-AL,sq;q=0.8
bg-,bg;q=0.8
ar-IQ,ar;q=0.8
ar-YE,ar;q=0.8
hu-,hu;q=0.8
pt-PT,pt;q=0.8
el-CY,el;q=0.8
ar-QA,ar;q=0.8
mk-MK,mk;q=0.8
sv-,sv;q=0.8
de-CH,de;q=0.8
en-US,en;q=0.8
fi-FI,fi;q=0.8
is-,is;q=0.8
cs-,cs;q=0.8
en-MT,en;q=0.8
sl-SI,sl;q=0.8
sk-SK,sk;q=0.8
it-,it;q=0.8
tr-TR,tr;q=0.8
zh-,zh;q=0.8
th-,th;q=0.8
ar-SA,ar;q=0.8
no-,no;q=0.8
en-GB,en;q=0.8
sr-CS,sr;q=0.8
lt-,lt;q=0.8
ro-,ro;q=0.8
en-NZ,en;q=0.8
no-NO,no;q=0.8
lt-LT,lt;q=0.8
es-NI,es;q=0.8
nl-,nl;q=0.8
ga-IE,ga;q=0.8
fr-BE,fr;q=0.8
es-ES,es;q=0.8
ar-LB,ar;q=0.8
ko-,ko;q=0.8
fr-CA,fr;q=0.8
et-EE,et;q=0.8
ar-KW,ar;q=0.8
sr-RS,sr;q=0.8
es-US,es;q=0.8
es-MX,es;q=0.8
ar-SD,ar;q=0.8
in-ID,in;q=0.8
ru-,ru;q=0.8
lv-,lv;q=0.8
es-UY,es;q=0.8
lv-LV,lv;q=0.8
iw-,iw;q=0.8
pt-BR,pt;q=0.8
ar-SY,ar;q=0.8
hr-,hr;q=0.8
et-,et;q=0.8
es-DO,es;q=0.8
fr-CH,fr;q=0.8
hi-IN,hi;q=0.8
es-VE,es;q=0.8
ar-BH,ar;q=0.8
en-PH,en;q=0.8
ar-TN,ar;q=0.8
fi-,fi;q=0.8
de-AT,de;q=0.8
es-,es;q=0.8
nl-NL,nl;q=0.8
es-EC,es;q=0.8
zh-TW,zh;q=0.8
ar-JO,ar;q=0.8
be-,be;q=0.8
is-IS,is;q=0.8
es-CO,es;q=0.8
es-CR,es;q=0.8
es-CL,es;q=0.8
ar-EG,ar;q=0.8
en-ZA,en;q=0.8
th-TH,th;q=0.8
el-GR,el;q=0.8
it-IT,it;q=0.8
ca-,ca;q=0.8
hu-HU,hu;q=0.8
fr-,fr;q=0.8
en-IE,en;q=0.8
uk-UA,uk;q=0.8
pl-PL,pl;q=0.8
fr-LU,fr;q=0.8
nl-BE,nl;q=0.8
en-IN,en;q=0.8
ca-ES,ca;q=0.8
ar-MA,ar;q=0.8
es-BO,es;q=0.8
en-AU,en;q=0.8
sr-,sr;q=0.8
zh-SG,zh;q=0.8
pt-,pt;q=0.8
uk-,uk;q=0.8
es-SV,es;q=0.8
ru-RU,ru;q=0.8
ko-KR,ko;q=0.8
vi-,vi;q=0.8
ar-DZ,ar;q=0.8
vi-VN,vi;q=0.8
sr-ME,sr;q=0.8
sq-,sq;q=0.8
ar-LY,ar;q=0.8
ar-,ar;q=0.8
zh-CN,zh;q=0.8
be-BY,be;q=0.8
zh-HK,zh;q=0.8
ja-,ja;q=0.8
iw-IL,iw;q=0.8
bg-BG,bg;q=0.8
in-,in;q=0.8
mt-MT,mt;q=0.8
es-PY,es;q=0.8
sl-,sl;q=0.8
fr-FR,fr;q=0.8
cs-CZ,cs;q=0.8
it-CH,it;q=0.8
ro-RO,ro;q=0.8
es-PR,es;q=0.8
en-CA,en;q=0.8
de-DE,de;q=0.8
ga-,ga;q=0.8
de-LU,de;q=0.8
de-,de;q=0.8
es-AR,es;q=0.8
sk-,sk;q=0.8
ms-MY,ms;q=0.8
hr-HR,hr;q=0.8
en-SG,en;q=0.8
da-,da;q=0.8
mt-,mt;q=0.8
pl-,pl;q=0.8
ar-OM,ar;q=0.8
tr-,tr;q=0.8
th-TH,th;q=0.8
el-,el;q=0.8
ms-,ms;q=0.8
sv-SE,sv;q=0.8
da-DK,da;q=0.8
es-HN,es;q=0.8
]]></system-out>
  <system-err><![CDATA[]]></system-err>
</testsuite>
